<?xml version="1.0" encoding="UTF-8"?>
<!-- Generated by org.testng.reporters.JUnitReportReporter -->
<testsuite skipped="0" hostname="A4G272-PC" name="com.thed.zephyr.GenerateJWTTest" tests="1" failures="0" timestamp="2020-04-06T00:39:52 PDT" time="0.303" errors="0">
  <testcase name="testGenerateJWT" time="0.303" classname="com.thed.zephyr.GenerateJWTTest"/>
</testsuite> <!-- com.thed.zephyr.GenerateJWTTest -->
